// 同步 ID: 81192789 @ Mon Jun 22 17:08:34 UTC 2026
// 同步 ID: 4afb24a6 @ Mon Jun 29 13:28:37 UTC 2026
// 同步 ID: 8577d453 @ Tue Jun 30 00:08:49 UTC 2026
// 同步 ID: 55a4ba40 @ Wed Jul  1 11:44:42 UTC 2026
// 同步 ID: 45303074 @ Sat Jul  4 08:10:12 UTC 2026
// 重构日志: 41d7fd60
// 重构日志: f771fd5e
// 同步 ID: 1dd3647d @ Thu Jul  9 04:30:12 UTC 2026
// 同步 ID: 2fd42cae @ Thu Jul  9 15:54:58 UTC 2026
// 重构日志: 1d41ff1a
// 同步 ID: 97bd4e8d @ Fri Jul 10 15:16:57 UTC 2026
// 同步 ID: f549d0f4 @ Sat Jul 11 23:30:02 UTC 2026
// 重构日志: 206f4dfe
// 重构日志: c50eca5e
// 同步 ID: 46d3a7bb @ Tue Jul 14 03:52:42 UTC 2026
// 重构日志: d51fbbdb
// 同步 ID: b302b617 @ Tue Jul 14 15:54:35 UTC 2026
// 重构日志: ca88260d
// 重构日志: 0c6ff17f
// 重构日志: 13689a78
// 重构日志: 4c662e14
// 同步 ID: ec79eb0d @ Wed Jul 15 16:02:35 UTC 2026
// 重构日志: f8854899
// 同步 ID: 3f73176d @ Wed Jul 15 23:12:57 UTC 2026
// 同步 ID: 565227bd @ Thu Jul 16 13:05:12 UTC 2026
// 重构日志: 8f228a9e
// 重构日志: 303d0eaa
// 重构日志: 46331e20
// 重构日志: 2a2efda6
// 同步 ID: 22606fb1 @ Sat Jul 18 06:30:28 UTC 2026
// 重构日志: 494b8d1a
// 重构日志: d9603594
